This file contains any messages produced by compilers while
running configure, to aid debugging if configure makes a mistake.

It was created by FreeType configure 2.5, which was
generated by GNU Autoconf 2.69.  Invocation command line was

  $ ./configure --disable-mmap --without-png

## --------- ##
## Platform. ##
## --------- ##

hostname = ALEIRADE-BR
uname -m = x86_64
uname -r = 2.1.0(0.287/5/3)
uname -s = MINGW32_NT-6.1
uname -v = 2015-07-09 11:20

/usr/bin/uname -p = unknown
/bin/uname -X     = unknown

/bin/arch              = x86_64
/usr/bin/arch -k       = unknown
/usr/convex/getsysinfo = unknown
/usr/bin/hostinfo      = unknown
/bin/machine           = unknown
/usr/bin/oslevel       = unknown
/bin/universe          = unknown

PATH: /mingw32/bin
PATH: /usr/local/bin
PATH: /usr/bin
PATH: /bin
PATH: /c/ProgramData/Oracle/Java/javapath
PATH: /c/TDM-GCC-64/bin
PATH: /c/oraclexe/app/oracle/product/11.2.0/server/bin
PATH: /c/windows/system32
PATH: /c/windows
PATH: /c/windows/System32/Wbem
PATH: /c/windows/System32/WindowsPowerShell/v1.0
PATH: /c/Program Files/WIDCOMM/Bluetooth Software
PATH: /c/Program Files/WIDCOMM/Bluetooth Software/syswow64
PATH: /c/Program Files (x86)/QuickTime/QTSystem
PATH: /c/Program Files/nodejs
PATH: /c/Program Files (x86)/Git/cmd
PATH: /c/FPC/2.6.4/bin/i386-Win32
PATH: /c/Program Files (x86)/Skype/Phone
PATH: /c/Program Files (x86)/MiKTeX 2.9/miktex/bin
PATH: /c/Program Files (x86)/PDFtk/bin
PATH: /c/Users/aleirade/AppData/Roaming/npm
PATH: /usr/bin/site_perl
PATH: /usr/bin/vendor_perl
PATH: /usr/bin/core_perl


## ----------- ##
## Core tests. ##
## ----------- ##

configure:2483: checking build system type
configure:2497: result: x86_64-pc-mingw32
configure:2517: checking host system type
configure:2530: result: x86_64-pc-mingw32
configure:2602: checking for gcc
configure:2618: found /c/TDM-GCC-64/bin/gcc
configure:2629: result: gcc
configure:2858: checking for C compiler version
configure:2867: gcc --version >&5
gcc.exe (tdm64-1) 4.9.2
Copyright (C) 2014 Free Software Foundation, Inc.
This is free software; see the source for copying conditions.  There is NO
warranty; not even for MERCHANTABILITY or FITNESS FOR A PARTICULAR PURPOSE.

configure:2878: $? = 0
configure:2867: gcc -v >&5
Using built-in specs.
COLLECT_GCC=C:\TDM-GCC-64\bin\gcc.exe
COLLECT_LTO_WRAPPER=C:/TDM-GCC-64/bin/../libexec/gcc/x86_64-w64-mingw32/4.9.2/lto-wrapper.exe
Target: x86_64-w64-mingw32
Configured with: ../../../src/gcc-4.9.2/configure --build=x86_64-w64-mingw32 --enable-targets=all --enable-languages=ada,c,c++,fortran,lto,objc,obj-c++ --enable-libgomp --enable-lto --enable-graphite --enable-cxx-flags=-DWINPTHREAD_STATIC --disable-build-with-cxx --disable-build-poststage1-with-cxx --enable-libstdcxx-debug --enable-threads=posix --enable-version-specific-runtime-libs --enable-fully-dynamic-string --enable-libstdcxx-threads --enable-libstdcxx-time --with-gnu-ld --disable-werror --disable-nls --disable-win32-registry --prefix=/mingw64tdm --with-local-prefix=/mingw64tdm --with-pkgversion=tdm64-1 --with-bugurl=http://tdm-gcc.tdragon.net/bugs
Thread model: posix
gcc version 4.9.2 (tdm64-1) 
configure:2878: $? = 0
configure:2867: gcc -V >&5
gcc.exe: error: unrecognized command line option '-V'
gcc.exe: fatal error: no input files
compilation terminated.
configure:2878: $? = 1
configure:2867: gcc -qversion >&5
gcc.exe: error: unrecognized command line option '-qversion'
gcc.exe: fatal error: no input files
compilation terminated.
configure:2878: $? = 1
configure:2898: checking whether the C compiler works
configure:2920: gcc    conftest.c  >&5
configure:2924: $? = 0
configure:2972: result: yes
configure:2975: checking for C compiler default output file name
configure:2977: result: a.exe
configure:2983: checking for suffix of executables
configure:2990: gcc -o conftest.exe    conftest.c  >&5
configure:2994: $? = 0
configure:3016: result: .exe
configure:3038: checking whether we are cross compiling
configure:3046: gcc -o conftest.exe    conftest.c  >&5
configure:3050: $? = 0
configure:3057: ./conftest.exe
configure:3061: $? = 0
configure:3076: result: no
configure:3081: checking for suffix of object files
configure:3103: gcc -c   conftest.c >&5
configure:3107: $? = 0
configure:3128: result: o
configure:3132: checking whether we are using the GNU C compiler
configure:3151: gcc -c   conftest.c >&5
configure:3151: $? = 0
configure:3160: result: yes
configure:3169: checking whether gcc accepts -g
configure:3189: gcc -c -g  conftest.c >&5
configure:3189: $? = 0
configure:3230: result: yes
configure:3247: checking for gcc option to accept ISO C89
configure:3310: gcc  -c -g -O2  conftest.c >&5
configure:3310: $? = 0
configure:3323: result: none needed
configure:3348: checking how to run the C preprocessor
configure:3379: gcc -E  conftest.c
configure:3379: $? = 0
configure:3393: gcc -E  conftest.c
conftest.c:9:28: fatal error: ac_nonexistent.h: No such file or directory
 #include <ac_nonexistent.h>
                            ^
compilation terminated.
configure:3393: $? = 1
configure: failed program was:
| /* confdefs.h */
| #define PACKAGE_NAME "FreeType"
| #define PACKAGE_TARNAME "freetype"
| #define PACKAGE_VERSION "2.5"
| #define PACKAGE_STRING "FreeType 2.5"
| #define PACKAGE_BUGREPORT "freetype@nongnu.org"
| #define PACKAGE_URL ""
| /* end confdefs.h.  */
| #include <ac_nonexistent.h>
configure:3418: result: gcc -E
configure:3438: gcc -E  conftest.c
configure:3438: $? = 0
configure:3452: gcc -E  conftest.c
conftest.c:9:28: fatal error: ac_nonexistent.h: No such file or directory
 #include <ac_nonexistent.h>
                            ^
compilation terminated.
configure:3452: $? = 1
configure: failed program was:
| /* confdefs.h */
| #define PACKAGE_NAME "FreeType"
| #define PACKAGE_TARNAME "freetype"
| #define PACKAGE_VERSION "2.5"
| #define PACKAGE_STRING "FreeType 2.5"
| #define PACKAGE_BUGREPORT "freetype@nongnu.org"
| #define PACKAGE_URL ""
| /* end confdefs.h.  */
| #include <ac_nonexistent.h>
configure:3645: checking for rmdir
configure:3661: found /usr/bin/rmdir
configure:3672: result: rmdir
configure:3700: checking for a BSD-compatible install
configure:3768: result: /usr/bin/install -c
configure:3792: checking for grep that handles long lines and -e
configure:3850: result: /usr/bin/grep
configure:3855: checking for egrep
configure:3917: result: /usr/bin/grep -E
configure:3922: checking for ANSI C header files
configure:3942: gcc -c -g -O2  conftest.c >&5
configure:3942: $? = 0
configure:4015: gcc -o conftest.exe -g -O2   conftest.c  >&5
configure:4015: $? = 0
configure:4015: ./conftest.exe
configure:4015: $? = 0
configure:4026: result: yes
configure:4039: checking for sys/types.h
configure:4039: gcc -c -g -O2  conftest.c >&5
configure:4039: $? = 0
configure:4039: result: yes
configure:4039: checking for sys/stat.h
configure:4039: gcc -c -g -O2  conftest.c >&5
configure:4039: $? = 0
configure:4039: result: yes
configure:4039: checking for stdlib.h
configure:4039: gcc -c -g -O2  conftest.c >&5
configure:4039: $? = 0
configure:4039: result: yes
configure:4039: checking for string.h
configure:4039: gcc -c -g -O2  conftest.c >&5
configure:4039: $? = 0
configure:4039: result: yes
configure:4039: checking for memory.h
configure:4039: gcc -c -g -O2  conftest.c >&5
configure:4039: $? = 0
configure:4039: result: yes
configure:4039: checking for strings.h
configure:4039: gcc -c -g -O2  conftest.c >&5
configure:4039: $? = 0
configure:4039: result: yes
configure:4039: checking for inttypes.h
configure:4039: gcc -c -g -O2  conftest.c >&5
configure:4039: $? = 0
configure:4039: result: yes
configure:4039: checking for stdint.h
configure:4039: gcc -c -g -O2  conftest.c >&5
configure:4039: $? = 0
configure:4039: result: yes
configure:4039: checking for unistd.h
configure:4039: gcc -c -g -O2  conftest.c >&5
configure:4039: $? = 0
configure:4039: result: yes
configure:4054: checking fcntl.h usability
configure:4054: gcc -c -g -O2  conftest.c >&5
configure:4054: $? = 0
configure:4054: result: yes
configure:4054: checking fcntl.h presence
configure:4054: gcc -E  conftest.c
configure:4054: $? = 0
configure:4054: result: yes
configure:4054: checking for fcntl.h
configure:4054: result: yes
configure:4054: checking for unistd.h
configure:4054: result: yes
configure:4068: checking for an ANSI C-conforming const
configure:4134: gcc -c -g -O2  conftest.c >&5
configure:4134: $? = 0
configure:4141: result: yes
configure:4153: checking size of int
configure:4158: gcc -o conftest.exe -g -O2   conftest.c  >&5
configure:4158: $? = 0
configure:4158: ./conftest.exe
configure:4158: $? = 0
configure:4172: result: 4
configure:4186: checking size of long
configure:4191: gcc -o conftest.exe -g -O2   conftest.c  >&5
configure:4191: $? = 0
configure:4191: ./conftest.exe
configure:4191: $? = 0
configure:4205: result: 4
configure:4219: checking whether cpp computation of bit length in ftconfig.in works
configure:4276: result: yes
configure:4568: checking for memcpy
configure:4568: gcc -o conftest.exe -g -O2   conftest.c  >&5
conftest.c:46:6: warning: conflicting types for built-in function 'memcpy'
 char memcpy ();
      ^
configure:4568: $? = 0
configure:4568: result: yes
configure:4568: checking for memmove
configure:4568: gcc -o conftest.exe -g -O2   conftest.c  >&5
conftest.c:47:6: warning: conflicting types for built-in function 'memmove'
 char memmove ();
      ^
configure:4568: $? = 0
configure:4568: result: yes
configure:4591: checking gcc compiler flag -pedantic to assure ANSI C works correctly
configure:4608: gcc -c -g -O2  -pedantic  conftest.c >&5
configure:4608: $? = 0
configure:4610: result: ok, add it to XX_ANSIFLAGS
configure:4591: checking gcc compiler flag -ansi to assure ANSI C works correctly
configure:4608: gcc -c -g -O2  -pedantic -ansi  conftest.c >&5
configure:4608: $? = 0
configure:4610: result: ok, add it to XX_ANSIFLAGS
configure:4650: checking for gzsetparams in -lz
configure:4675: gcc -o conftest.exe -g -O2   conftest.c -lz   >&5
C:/TDM-GCC-64/bin/../lib/gcc/x86_64-w64-mingw32/4.9.2/../../../../x86_64-w64-mingw32/bin/ld.exe: cannot find -lz
collect2.exe: error: ld returned 1 exit status
configure:4675: $? = 1
configure: failed program was:
| /* confdefs.h */
| #define PACKAGE_NAME "FreeType"
| #define PACKAGE_TARNAME "freetype"
| #define PACKAGE_VERSION "2.5"
| #define PACKAGE_STRING "FreeType 2.5"
| #define PACKAGE_BUGREPORT "freetype@nongnu.org"
| #define PACKAGE_URL ""
| #define STDC_HEADERS 1
| #define HAVE_SYS_TYPES_H 1
| #define HAVE_SYS_STAT_H 1
| #define HAVE_STDLIB_H 1
| #define HAVE_STRING_H 1
| #define HAVE_MEMORY_H 1
| #define HAVE_STRINGS_H 1
| #define HAVE_INTTYPES_H 1
| #define HAVE_STDINT_H 1
| #define HAVE_UNISTD_H 1
| #define HAVE_FCNTL_H 1
| #define HAVE_UNISTD_H 1
| #define SIZEOF_INT 4
| #define SIZEOF_LONG 4
| #define HAVE_MEMCPY 1
| #define HAVE_MEMMOVE 1
| /* end confdefs.h.  */
| 
| /* Override any GCC internal prototype to avoid an error.
|    Use char because int might match the return type of a GCC
|    builtin and then its argument prototype would still apply.  */
| #ifdef __cplusplus
| extern "C"
| #endif
| char gzsetparams ();
| int
| main ()
| {
| return gzsetparams ();
|   ;
|   return 0;
| }
configure:4684: result: no
configure:4711: checking for BZ2_bzDecompress in -lbz2
configure:4736: gcc -o conftest.exe -g -O2   conftest.c -lbz2   >&5
C:/TDM-GCC-64/bin/../lib/gcc/x86_64-w64-mingw32/4.9.2/../../../../x86_64-w64-mingw32/bin/ld.exe: cannot find -lbz2
collect2.exe: error: ld returned 1 exit status
configure:4736: $? = 1
configure: failed program was:
| /* confdefs.h */
| #define PACKAGE_NAME "FreeType"
| #define PACKAGE_TARNAME "freetype"
| #define PACKAGE_VERSION "2.5"
| #define PACKAGE_STRING "FreeType 2.5"
| #define PACKAGE_BUGREPORT "freetype@nongnu.org"
| #define PACKAGE_URL ""
| #define STDC_HEADERS 1
| #define HAVE_SYS_TYPES_H 1
| #define HAVE_SYS_STAT_H 1
| #define HAVE_STDLIB_H 1
| #define HAVE_STRING_H 1
| #define HAVE_MEMORY_H 1
| #define HAVE_STRINGS_H 1
| #define HAVE_INTTYPES_H 1
| #define HAVE_STDINT_H 1
| #define HAVE_UNISTD_H 1
| #define HAVE_FCNTL_H 1
| #define HAVE_UNISTD_H 1
| #define SIZEOF_INT 4
| #define SIZEOF_LONG 4
| #define HAVE_MEMCPY 1
| #define HAVE_MEMMOVE 1
| /* end confdefs.h.  */
| 
| /* Override any GCC internal prototype to avoid an error.
|    Use char because int might match the return type of a GCC
|    builtin and then its argument prototype would still apply.  */
| #ifdef __cplusplus
| extern "C"
| #endif
| char BZ2_bzDecompress ();
| int
| main ()
| {
| return BZ2_bzDecompress ();
|   ;
|   return 0;
| }
configure:4745: result: no
configure:5421: checking how to print strings
configure:5448: result: printf
configure:5469: checking for a sed that does not truncate output
configure:5533: result: /usr/bin/sed
configure:5551: checking for fgrep
configure:5613: result: /usr/bin/grep -F
configure:5648: checking for ld used by gcc
configure:5715: result: C:/TDM-GCC-64/x86_64-w64-mingw32/bin/ld.exe
configure:5722: checking if the linker (C:/TDM-GCC-64/x86_64-w64-mingw32/bin/ld.exe) is GNU ld
configure:5737: result: yes
configure:5749: checking for BSD- or MS-compatible name lister (nm)
configure:5798: result: /c/TDM-GCC-64/bin/nm
configure:5928: checking the name lister (/c/TDM-GCC-64/bin/nm) interface
configure:5935: gcc -c -g -O2  conftest.c >&5
configure:5938: /c/TDM-GCC-64/bin/nm "conftest.o"
configure:5941: output
0000000000000000 b .bss
0000000000000000 d .data
0000000000000000 N .debug_abbrev
0000000000000000 N .debug_aranges
0000000000000000 N .debug_info
0000000000000000 N .debug_line
0000000000000000 r .rdata$zzz
0000000000000000 t .text
0000000000000000 B some_variable
configure:5948: result: BSD nm
configure:5951: checking whether ln -s works
configure:5958: result: no, using cp -pR
configure:5963: checking the maximum length of command line arguments
configure:6093: result: 8192
configure:6110: checking whether the shell understands some XSI constructs
configure:6120: result: yes
configure:6124: checking whether the shell understands "+="
configure:6130: result: yes
configure:6165: checking how to convert x86_64-pc-mingw32 file names to x86_64-pc-mingw32 format
configure:6205: result: func_convert_file_msys_to_w32
configure:6212: checking how to convert x86_64-pc-mingw32 file names to toolchain format
configure:6232: result: func_convert_file_msys_to_w32
configure:6239: checking for C:/TDM-GCC-64/x86_64-w64-mingw32/bin/ld.exe option to reload object files
configure:6246: result: -r
configure:6320: checking for objdump
configure:6336: found /c/TDM-GCC-64/bin/objdump
configure:6347: result: objdump
configure:6376: checking how to recognize dependent libraries
configure:6578: result: file_magic ^x86 archive import|^x86 DLL
configure:6663: checking for dlltool
configure:6679: found /c/TDM-GCC-64/bin/dlltool
configure:6690: result: dlltool
configure:6720: checking how to associate runtime and link libraries
configure:6747: result: func_cygming_dll_for_implib
configure:6807: checking for ar
configure:6823: found /c/TDM-GCC-64/bin/ar
configure:6834: result: ar
configure:6871: checking for archiver @FILE support
configure:6888: gcc -c -g -O2  conftest.c >&5
configure:6888: $? = 0
configure:6891: ar cru libconftest.a @conftest.lst >&5
configure:6894: $? = 0
configure:6899: ar cru libconftest.a @conftest.lst >&5
C:\TDM-GCC-64\bin\ar.exe: conftest.o: No such file or directory
configure:6902: $? = 1
configure:6914: result: @
configure:6972: checking for strip
configure:6988: found /c/TDM-GCC-64/bin/strip
configure:6999: result: strip
configure:7071: checking for ranlib
configure:7087: found /c/TDM-GCC-64/bin/ranlib
configure:7098: result: ranlib
configure:7175: checking for gawk
configure:7191: found /usr/bin/gawk
configure:7202: result: gawk
configure:7242: checking command to parse /c/TDM-GCC-64/bin/nm output from gcc object
configure:7362: gcc -c -g -O2  conftest.c >&5
configure:7365: $? = 0
configure:7369: /c/TDM-GCC-64/bin/nm conftest.o \| sed -n -e 's/^.*[ ]\([ABCDGIRSTW][ABCDGIRSTW]*\)[ ][ ]*\([_A-Za-z][_A-Za-z0-9]*\)\{0,1\}$/\1 \2 \2/p' | sed '/ __gnu_lto/d' \> conftest.nm
configure:7372: $? = 0
configure:7438: gcc -o conftest.exe -g -O2   conftest.c conftstm.o >&5
configure:7441: $? = 0
configure:7479: result: ok
configure:7516: checking for sysroot
configure:7546: result: no
configure:7802: checking for mt
configure:7832: result: no
configure:7852: checking if : is a manifest tool
configure:7858: : '-?'
configure:7866: result: no
configure:8505: checking for dlfcn.h
configure:8505: gcc -c -g -O2  conftest.c >&5
conftest.c:59:19: fatal error: dlfcn.h: No such file or directory
 #include <dlfcn.h>
                   ^
compilation terminated.
configure:8505: $? = 1
configure: failed program was:
| /* confdefs.h */
| #define PACKAGE_NAME "FreeType"
| #define PACKAGE_TARNAME "freetype"
| #define PACKAGE_VERSION "2.5"
| #define PACKAGE_STRING "FreeType 2.5"
| #define PACKAGE_BUGREPORT "freetype@nongnu.org"
| #define PACKAGE_URL ""
| #define STDC_HEADERS 1
| #define HAVE_SYS_TYPES_H 1
| #define HAVE_SYS_STAT_H 1
| #define HAVE_STDLIB_H 1
| #define HAVE_STRING_H 1
| #define HAVE_MEMORY_H 1
| #define HAVE_STRINGS_H 1
| #define HAVE_INTTYPES_H 1
| #define HAVE_STDINT_H 1
| #define HAVE_UNISTD_H 1
| #define HAVE_FCNTL_H 1
| #define HAVE_UNISTD_H 1
| #define SIZEOF_INT 4
| #define SIZEOF_LONG 4
| #define HAVE_MEMCPY 1
| #define HAVE_MEMMOVE 1
| /* end confdefs.h.  */
| #include <stdio.h>
| #ifdef HAVE_SYS_TYPES_H
| # include <sys/types.h>
| #endif
| #ifdef HAVE_SYS_STAT_H
| # include <sys/stat.h>
| #endif
| #ifdef STDC_HEADERS
| # include <stdlib.h>
| # include <stddef.h>
| #else
| # ifdef HAVE_STDLIB_H
| #  include <stdlib.h>
| # endif
| #endif
| #ifdef HAVE_STRING_H
| # if !defined STDC_HEADERS && defined HAVE_MEMORY_H
| #  include <memory.h>
| # endif
| # include <string.h>
| #endif
| #ifdef HAVE_STRINGS_H
| # include <strings.h>
| #endif
| #ifdef HAVE_INTTYPES_H
| # include <inttypes.h>
| #endif
| #ifdef HAVE_STDINT_H
| # include <stdint.h>
| #endif
| #ifdef HAVE_UNISTD_H
| # include <unistd.h>
| #endif
| 
| #include <dlfcn.h>
configure:8505: result: no
configure:8568: checking for as
configure:8584: found /c/TDM-GCC-64/bin/as
configure:8595: result: as
configure:8660: checking for dlltool
configure:8687: result: dlltool
configure:8752: checking for objdump
configure:8779: result: objdump
configure:9009: checking for objdir
configure:9024: result: .libs
configure:9291: checking if gcc supports -fno-rtti -fno-exceptions
configure:9309: gcc -c -g -O2  -fno-rtti -fno-exceptions conftest.c >&5
cc1.exe: warning: command line option '-fno-rtti' is valid for C++/ObjC++ but not for C
configure:9313: $? = 0
configure:9326: result: no
configure:9653: checking for gcc option to produce PIC
configure:9660: result: -DDLL_EXPORT -DPIC
configure:9668: checking if gcc PIC flag -DDLL_EXPORT -DPIC works
configure:9686: gcc -c -g -O2  -DDLL_EXPORT -DPIC -DPIC conftest.c >&5
configure:9690: $? = 0
configure:9703: result: yes
configure:9732: checking if gcc static flag -static works
configure:9760: result: yes
configure:9775: checking if gcc supports -c -o file.o
configure:9796: gcc -c -g -O2  -o out/conftest2.o conftest.c >&5
configure:9800: $? = 0
configure:9822: result: yes
configure:9830: checking if gcc supports -c -o file.o
configure:9877: result: yes
configure:9910: checking whether the gcc linker (C:/TDM-GCC-64/x86_64-w64-mingw32/bin/ld.exe) supports shared libraries
configure:11063: result: yes
configure:11100: checking whether -lc should be explicitly linked in
configure:11108: gcc -c -g -O2  conftest.c >&5
configure:11111: $? = 0
configure:11126: gcc -shared conftest.o  -v -o ./conftest -Wl,--enable-auto-image-base -Xlinker --out-implib -Xlinker conftest 2\>\&1 \| /usr/bin/grep  -lc  \>/dev/null 2\>\&1
configure:11129: $? = 1
configure:11143: result: yes
configure:11303: checking dynamic linker characteristics
configure:12036: result: Win32 ld.exe
configure:12143: checking how to hardcode library paths into programs
configure:12168: result: immediate
configure:12708: checking whether stripping libraries is possible
configure:12713: result: yes
configure:12748: checking if libtool supports shared libraries
configure:12750: result: yes
configure:12753: checking whether to build shared libraries
configure:12774: result: yes
configure:12777: checking whether to build static libraries
configure:12781: result: yes
configure:12974: creating ./config.status

## ---------------------- ##
## Running config.status. ##
## ---------------------- ##

This file was extended by FreeType config.status 2.5, which was
generated by GNU Autoconf 2.69.  Invocation command line was

  CONFIG_FILES    = 
  CONFIG_HEADERS  = 
  CONFIG_LINKS    = 
  CONFIG_COMMANDS = 
  $ ./config.status 

on ALEIRADE-BR

config.status:1078: creating unix-cc.mk
config.status:1078: creating unix-def.mk
config.status:1078: creating ftconfig.h
config.status:1267: executing libtool commands

## ---------------- ##
## Cache variables. ##
## ---------------- ##

ac_cv_build=x86_64-pc-mingw32
ac_cv_c_compiler_gnu=yes
ac_cv_c_const=yes
ac_cv_env_CC_set=
ac_cv_env_CC_value=
ac_cv_env_CFLAGS_set=
ac_cv_env_CFLAGS_value=
ac_cv_env_CPPFLAGS_set=
ac_cv_env_CPPFLAGS_value=
ac_cv_env_CPP_set=
ac_cv_env_CPP_value=
ac_cv_env_LDFLAGS_set=
ac_cv_env_LDFLAGS_value=
ac_cv_env_LIBS_set=
ac_cv_env_LIBS_value=
ac_cv_env_build_alias_set=
ac_cv_env_build_alias_value=
ac_cv_env_host_alias_set=
ac_cv_env_host_alias_value=
ac_cv_env_target_alias_set=
ac_cv_env_target_alias_value=
ac_cv_exeext=.exe
ac_cv_func_memcpy=yes
ac_cv_func_memmove=yes
ac_cv_header_dlfcn_h=no
ac_cv_header_fcntl_h=yes
ac_cv_header_inttypes_h=yes
ac_cv_header_memory_h=yes
ac_cv_header_stdc=yes
ac_cv_header_stdint_h=yes
ac_cv_header_stdlib_h=yes
ac_cv_header_string_h=yes
ac_cv_header_strings_h=yes
ac_cv_header_sys_stat_h=yes
ac_cv_header_sys_types_h=yes
ac_cv_header_unistd_h=yes
ac_cv_host=x86_64-pc-mingw32
ac_cv_lib_bz2_BZ2_bzDecompress=no
ac_cv_lib_z_gzsetparams=no
ac_cv_objext=o
ac_cv_path_EGREP='/usr/bin/grep -E'
ac_cv_path_FGREP='/usr/bin/grep -F'
ac_cv_path_GREP=/usr/bin/grep
ac_cv_path_SED=/usr/bin/sed
ac_cv_path_install='/usr/bin/install -c'
ac_cv_prog_AWK=gawk
ac_cv_prog_CPP='gcc -E'
ac_cv_prog_RMDIR=rmdir
ac_cv_prog_ac_ct_AR=ar
ac_cv_prog_ac_ct_AS=as
ac_cv_prog_ac_ct_CC=gcc
ac_cv_prog_ac_ct_DLLTOOL=dlltool
ac_cv_prog_ac_ct_OBJDUMP=objdump
ac_cv_prog_ac_ct_RANLIB=ranlib
ac_cv_prog_ac_ct_STRIP=strip
ac_cv_prog_cc_c89=
ac_cv_prog_cc_g=yes
ac_cv_sizeof_int=4
ac_cv_sizeof_long=4
lt_cv_ar_at_file=@
lt_cv_archive_cmds_need_lc=yes
lt_cv_deplibs_check_method='file_magic ^x86 archive import|^x86 DLL'
lt_cv_file_magic_cmd=func_win32_libid
lt_cv_file_magic_test_file=
lt_cv_ld_reload_flag=-r
lt_cv_nm_interface='BSD nm'
lt_cv_objdir=.libs
lt_cv_path_LD=C:/TDM-GCC-64/x86_64-w64-mingw32/bin/ld.exe
lt_cv_path_NM=/c/TDM-GCC-64/bin/nm
lt_cv_path_mainfest_tool=no
lt_cv_prog_compiler_c_o=yes
lt_cv_prog_compiler_pic='-DDLL_EXPORT -DPIC'
lt_cv_prog_compiler_pic_works=yes
lt_cv_prog_compiler_rtti_exceptions=no
lt_cv_prog_compiler_static_works=yes
lt_cv_prog_gnu_ld=yes
lt_cv_sharedlib_from_linklib_cmd=func_cygming_dll_for_implib
lt_cv_sys_global_symbol_pipe='sed -n -e '\''s/^.*[	 ]\([ABCDGIRSTW][ABCDGIRSTW]*\)[	 ][	 ]*\([_A-Za-z][_A-Za-z0-9]*\)\{0,1\}$/\1 \2 \2/p'\'' | sed '\''/ __gnu_lto/d'\'''
lt_cv_sys_global_symbol_to_c_name_address='sed -n -e '\''s/^: \([^ ]*\)[ ]*$/  {\"\1\", (void *) 0},/p'\'' -e '\''s/^[ABCDGIRSTW]* \([^ ]*\) \([^ ]*\)$/  {"\2", (void *) \&\2},/p'\'''
lt_cv_sys_global_symbol_to_c_name_address_lib_prefix='sed -n -e '\''s/^: \([^ ]*\)[ ]*$/  {\"\1\", (void *) 0},/p'\'' -e '\''s/^[ABCDGIRSTW]* \([^ ]*\) \(lib[^ ]*\)$/  {"\2", (void *) \&\2},/p'\'' -e '\''s/^[ABCDGIRSTW]* \([^ ]*\) \([^ ]*\)$/  {"lib\2", (void *) \&\2},/p'\'''
lt_cv_sys_global_symbol_to_cdecl='sed -n -e '\''s/^T .* \(.*\)$/extern int \1();/p'\'' -e '\''s/^[ABCDGIRSTW]* .* \(.*\)$/extern char \1;/p'\'''
lt_cv_sys_max_cmd_len=8192
lt_cv_to_host_file_cmd=func_convert_file_msys_to_w32
lt_cv_to_tool_file_cmd=func_convert_file_msys_to_w32

## ----------------- ##
## Output variables. ##
## ----------------- ##

AR='ar'
AS='as'
AWK='gawk'
CC='gcc'
CC_BUILD='gcc'
CFLAGS='-g -O2'
CPP='gcc -E'
CPPFLAGS=''
DEFS='-DHAVE_CONFIG_H'
DLLTOOL='dlltool'
DSYMUTIL=''
DUMPBIN=''
ECHO_C=''
ECHO_N='-n'
ECHO_T=''
EGREP='/usr/bin/grep -E'
EXEEXT='.exe'
EXEEXT_BUILD='.exe'
FGREP='/usr/bin/grep -F'
FT2_EXTRA_LIBS=''
FTSYS_SRC='$(BASE_DIR)/ftsystem.c'
GREP='/usr/bin/grep'
INSTALL_DATA='${INSTALL} -m 644'
INSTALL_PROGRAM='${INSTALL}'
INSTALL_SCRIPT='${INSTALL}'
LD='C:/TDM-GCC-64/x86_64-w64-mingw32/bin/ld.exe'
LDFLAGS=''
LIBBZ2=''
LIBOBJS=''
LIBS=''
LIBTOOL='$(SHELL) $(top_builddir)/libtool'
LIBZ=''
LIPO=''
LN_S='cp -pR'
LTLIBOBJS=''
MANIFEST_TOOL=':'
NM='/c/TDM-GCC-64/bin/nm'
NMEDIT=''
OBJDUMP='objdump'
OBJEXT='o'
OTOOL64=''
OTOOL=''
PACKAGE_BUGREPORT='freetype@nongnu.org'
PACKAGE_NAME='FreeType'
PACKAGE_STRING='FreeType 2.5'
PACKAGE_TARNAME='freetype'
PACKAGE_URL=''
PACKAGE_VERSION='2.5'
PATH_SEPARATOR=':'
RANLIB='ranlib'
RMDIR='rmdir'
SED='/usr/bin/sed'
SHELL='/bin/sh'
STRIP='strip'
SYSTEM_ZLIB=''
XX_ANSIFLAGS=' -pedantic -ansi'
XX_CFLAGS='-Wall'
ac_ct_AR='ar'
ac_ct_CC='gcc'
ac_ct_DUMPBIN=''
bindir='${exec_prefix}/bin'
build='x86_64-pc-mingw32'
build_alias=''
build_cpu='x86_64'
build_libtool_libs=''
build_os='mingw32'
build_vendor='pc'
datadir='${datarootdir}'
datarootdir='${prefix}/share'
docdir='${datarootdir}/doc/${PACKAGE_TARNAME}'
dvidir='${docdir}'
exec_prefix='${prefix}'
ft_version='16.2.10'
ftmac_c=''
hardcode_libdir_flag_spec='-L$libdir'
host='x86_64-pc-mingw32'
host_alias=''
host_cpu='x86_64'
host_os='mingw32'
host_vendor='pc'
htmldir='${docdir}'
includedir='${prefix}/include'
infodir='${datarootdir}/info'
libdir='${exec_prefix}/lib'
libexecdir='${exec_prefix}/libexec'
localedir='${datarootdir}/locale'
localstatedir='${prefix}/var'
mandir='${datarootdir}/man'
oldincludedir='/usr/include'
pdfdir='${docdir}'
prefix='/usr/local'
program_transform_name='s,x,x,'
psdir='${docdir}'
sbindir='${exec_prefix}/sbin'
sharedstatedir='${prefix}/com'
sysconfdir='${prefix}/etc'
target_alias=''
version_info='16:2:10'
wl='-Wl,'

## ----------- ##
## confdefs.h. ##
## ----------- ##

/* confdefs.h */
#define PACKAGE_NAME "FreeType"
#define PACKAGE_TARNAME "freetype"
#define PACKAGE_VERSION "2.5"
#define PACKAGE_STRING "FreeType 2.5"
#define PACKAGE_BUGREPORT "freetype@nongnu.org"
#define PACKAGE_URL ""
#define STDC_HEADERS 1
#define HAVE_SYS_TYPES_H 1
#define HAVE_SYS_STAT_H 1
#define HAVE_STDLIB_H 1
#define HAVE_STRING_H 1
#define HAVE_MEMORY_H 1
#define HAVE_STRINGS_H 1
#define HAVE_INTTYPES_H 1
#define HAVE_STDINT_H 1
#define HAVE_UNISTD_H 1
#define HAVE_FCNTL_H 1
#define HAVE_UNISTD_H 1
#define SIZEOF_INT 4
#define SIZEOF_LONG 4
#define HAVE_MEMCPY 1
#define HAVE_MEMMOVE 1
#define LT_OBJDIR ".libs/"

configure: exit 0
