--------------------
./configure --help
Sun, Aug 23, 2015  1:04:27 AM
usage:
  configure [--const] [--zprefix] [--prefix=PREFIX]  [--eprefix=EXPREFIX]
    [--static] [--64] [--libdir=LIBDIR] [--sharedlibdir=LIBDIR]
    [--includedir=INCLUDEDIR] [--archs="-arch i386 -arch x86_64"]
--------------------
./configure --archs=-arch i686 -arch x86_64
Sun, Aug 23, 2015  1:04:58 AM
Checking for gcc...
=== ztest21536.c ===
extern int getchar();
int hello() {return getchar();}
===
gcc -c ztest21536.c
... using gcc
Please use win32/Makefile.gcc instead.
** ./configure aborting.
--------------------


